#
# There is insufficient memory for the Java Runtime Environment to continue.
# Native memory allocation (malloc) failed to allocate 1087936 bytes for Chunk::new
# Possible reasons:
#   The system is out of physical RAM or swap space
#   The process is running with CompressedOops enabled, and the Java Heap may be blocking the growth of the native heap
# Possible solutions:
#   Reduce memory load on the system
#   Increase physical memory or swap space
#   Check if swap backing store is full
#   Decrease Java heap size (-Xmx/-Xms)
#   Decrease number of Java threads
#   Decrease Java thread stack sizes (-Xss)
#   Set larger code cache with -XX:ReservedCodeCacheSize=
#   JVM is running with Unscaled Compressed Oops mode in which the Java heap is
#     placed in the first 4GB address space. The Java Heap base address is the
#     maximum limit for the native heap growth. Please use -XX:HeapBaseMinAddress
#     to set the Java Heap base and to place the Java Heap above 4GB virtual address.
# This output file may be truncated or incomplete.
#
#  Out of Memory Error (./src/hotspot/share/memory/arena.cpp:197), pid=12712, tid=15796
#
# JRE version: OpenJDK Runtime Environment (11.0.10) (build 11.0.10+0-b96-7249189)
# Java VM: OpenJDK 64-Bit Server VM (11.0.10+0-b96-7249189, mixed mode, tiered, compressed oops, g1 gc, windows-amd64)
# No core dump will be written. Minidumps are not enabled by default on client versions of Windows
#

---------------  S U M M A R Y ------------

Command Line: --add-opens=java.base/java.util=ALL-UNNAMED --add-opens=java.base/java.lang=ALL-UNNAMED --add-opens=java.base/java.lang.invoke=ALL-UNNAMED --add-opens=java.base/java.util=ALL-UNNAMED --add-opens=java.prefs/java.util.prefs=ALL-UNNAMED --add-opens=java.prefs/java.util.prefs=ALL-UNNAMED --add-opens=java.base/java.nio.charset=ALL-UNNAMED --add-opens=java.base/java.net=ALL-UNNAMED --add-opens=java.base/java.util.concurrent.atomic=ALL-UNNAMED -Xmx2048m -Dfile.encoding=UTF-8 -Duser.country=CL -Duser.language=es -Duser.variant org.gradle.launcher.daemon.bootstrap.GradleDaemon 7.0.2

Host: AMD Ryzen 7 3700X 8-Core Processor             , 16 cores, 11G,  Windows 10 , 64 bit Build 22000 (10.0.22000.318)
Time: Sun Nov 28 05:23:12 2021 Hora verano Sudamérica Pacífico elapsed time: 34.907770 seconds (0d 0h 0m 34s)

---------------  T H R E A D  ---------------

Current thread (0x0000015eba378000):  JavaThread "C2 CompilerThread0" daemon [_thread_in_native, id=15796, stack(0x0000000bba900000,0x0000000bbaa00000)]


Current CompileTask:
C2:  34907 19723   !   4       java.io.ObjectOutputStream::writeObject0 (619 bytes)

Stack: [0x0000000bba900000,0x0000000bbaa00000]
Native frames: (J=compiled Java code, j=interpreted, Vv=VM code, C=native code)
V  [jvm.dll+0x5ecfaa]
V  [jvm.dll+0x722bd5]
V  [jvm.dll+0x72412d]
V  [jvm.dll+0x7247e3]
V  [jvm.dll+0x242928]
V  [jvm.dll+0xbc4fc]
V  [jvm.dll+0xbca0c]
V  [jvm.dll+0x2b4fd4]
V  [jvm.dll+0x506028]
V  [jvm.dll+0x203253]
V  [jvm.dll+0x1fd07c]
V  [jvm.dll+0x1fa77f]
V  [jvm.dll+0x18354c]
V  [jvm.dll+0x208ee7]
V  [jvm.dll+0x207731]
V  [jvm.dll+0x6eb1cf]
V  [jvm.dll+0x6e3d45]
V  [jvm.dll+0x5ebe96]
C  [ucrtbase.dll+0x26c0c]
C  [KERNEL32.DLL+0x154e0]
C  [ntdll.dll+0x485b]


---------------  P R O C E S S  ---------------

Threads class SMR info:
_java_thread_list=0x0000015ec633b790, length=66, elements={
0x0000015e9eaf4800, 0x0000015eb9aeb000, 0x0000015eb9af6800, 0x0000015eba371800,
0x0000015eba372800, 0x0000015eba374000, 0x0000015eba378000, 0x0000015eba384800,
0x0000015eba387000, 0x0000015eba4e3800, 0x0000015ebcbf3000, 0x0000015ebb61e000,
0x0000015ebc822800, 0x0000015ebc863000, 0x0000015ebc906000, 0x0000015ebc8ce800,
0x0000015ebc8d1000, 0x0000015ebc8cf000, 0x0000015ebc8d2800, 0x0000015ebc8d4000,
0x0000015ebd15d000, 0x0000015ebd15b800, 0x0000015ebd15c800, 0x0000015ebd157800,
0x0000015ec0251800, 0x0000015ebed2a800, 0x0000015ebed2b000, 0x0000015ebed28800,
0x0000015ebed27000, 0x0000015ebed26000, 0x0000015ebed28000, 0x0000015ebed29800,
0x0000015ebed25800, 0x0000015ebed2c800, 0x0000015ebed30000, 0x0000015ebed2e800,
0x0000015ebed2f000, 0x0000015ebed31000, 0x0000015ebed31800, 0x0000015ebed34000,
0x0000015ec6231000, 0x0000015ec6236800, 0x0000015ec6237800, 0x0000015ec6239000,
0x0000015ec6238000, 0x0000015ec623a000, 0x0000015ec5b8b800, 0x0000015ec5b8d000,
0x0000015ec5b8f000, 0x0000015ec5b8e000, 0x0000015ec5b8c800, 0x0000015ec5b8f800,
0x0000015ec5b90800, 0x0000015ec5b8a800, 0x0000015ec5b91000, 0x0000015ec5b92000,
0x0000015ebb993800, 0x0000015ebb994800, 0x0000015ebb995000, 0x0000015ebb992000,
0x0000015ebb996000, 0x0000015ebb992800, 0x0000015ebb997000, 0x0000015ebb998800,
0x0000015ebb99f000, 0x0000015eba83d800
}

Java Threads: ( => current thread )
  0x0000015e9eaf4800 JavaThread "main" [_thread_blocked, id=11800, stack(0x0000000bb9d00000,0x0000000bb9e00000)]
  0x0000015eb9aeb000 JavaThread "Reference Handler" daemon [_thread_blocked, id=9728, stack(0x0000000bba400000,0x0000000bba500000)]
  0x0000015eb9af6800 JavaThread "Finalizer" daemon [_thread_blocked, id=14528, stack(0x0000000bba500000,0x0000000bba600000)]
  0x0000015eba371800 JavaThread "Signal Dispatcher" daemon [_thread_blocked, id=11552, stack(0x0000000bba600000,0x0000000bba700000)]
  0x0000015eba372800 JavaThread "Attach Listener" daemon [_thread_blocked, id=22024, stack(0x0000000bba700000,0x0000000bba800000)]
  0x0000015eba374000 JavaThread "Service Thread" daemon [_thread_blocked, id=18572, stack(0x0000000bba800000,0x0000000bba900000)]
=>0x0000015eba378000 JavaThread "C2 CompilerThread0" daemon [_thread_in_native, id=15796, stack(0x0000000bba900000,0x0000000bbaa00000)]
  0x0000015eba384800 JavaThread "C1 CompilerThread0" daemon [_thread_blocked, id=1720, stack(0x0000000bbaa00000,0x0000000bbab00000)]
  0x0000015eba387000 JavaThread "Sweeper thread" daemon [_thread_blocked, id=7564, stack(0x0000000bbab00000,0x0000000bbac00000)]
  0x0000015eba4e3800 JavaThread "Common-Cleaner" daemon [_thread_blocked, id=2044, stack(0x0000000bbad00000,0x0000000bbae00000)]
  0x0000015ebcbf3000 JavaThread "Daemon health stats" [_thread_blocked, id=8672, stack(0x0000000bbb600000,0x0000000bbb700000)]
  0x0000015ebb61e000 JavaThread "Incoming local TCP Connector on port 54441" [_thread_in_native, id=16812, stack(0x0000000bbaf00000,0x0000000bbb000000)]
  0x0000015ebc822800 JavaThread "Daemon periodic checks" [_thread_blocked, id=17136, stack(0x0000000bbb300000,0x0000000bbb400000)]
  0x0000015ebc863000 JavaThread "Daemon" [_thread_blocked, id=17152, stack(0x0000000bbb700000,0x0000000bbb800000)]
  0x0000015ebc906000 JavaThread "Daemon worker" [_thread_blocked, id=16816, stack(0x0000000bbbb00000,0x0000000bbbc00000)]
  0x0000015ebc8ce800 JavaThread "Cache worker for file hash cache (C:\Users\Billy\.gradle\caches\7.0.2\fileHashes)" [_thread_blocked, id=17476, stack(0x0000000bbbf00000,0x0000000bbc000000)]
  0x0000015ebc8d1000 JavaThread "File lock request listener" [_thread_in_native, id=6392, stack(0x0000000bbc000000,0x0000000bbc100000)]
  0x0000015ebc8cf000 JavaThread "Cache worker for journal cache (C:\Users\Billy\.gradle\caches\journal-1)" [_thread_blocked, id=19260, stack(0x0000000bbcc00000,0x0000000bbcd00000)]
  0x0000015ebc8d2800 JavaThread "File watcher server" daemon [_thread_in_native, id=16144, stack(0x0000000bbce00000,0x0000000bbcf00000)]
  0x0000015ebc8d4000 JavaThread "File watcher consumer" daemon [_thread_blocked, id=17220, stack(0x0000000bbcf00000,0x0000000bbd000000)]
  0x0000015ebd15d000 JavaThread "Cache worker for execution history cache (C:\Users\Billy\.gradle\caches\7.0.2\executionHistory)" [_thread_blocked, id=10680, stack(0x0000000bbd400000,0x0000000bbd500000)]
  0x0000015ebd15b800 JavaThread "jar transforms" [_thread_blocked, id=15056, stack(0x0000000bbd500000,0x0000000bbd600000)]
  0x0000015ebd15c800 JavaThread "jar transforms Thread 2" [_thread_blocked, id=14196, stack(0x0000000bbd600000,0x0000000bbd700000)]
  0x0000015ebd157800 JavaThread "Cache worker for file content cache (C:\Users\Billy\.gradle\caches\7.0.2\fileContent)" [_thread_blocked, id=11188, stack(0x0000000bbd700000,0x0000000bbd800000)]
  0x0000015ec0251800 JavaThread "jar transforms Thread 3" [_thread_blocked, id=2096, stack(0x0000000bbd900000,0x0000000bbda00000)]
  0x0000015ebed2a800 JavaThread "jar transforms Thread 4" [_thread_blocked, id=20240, stack(0x0000000bbeb00000,0x0000000bbec00000)]
  0x0000015ebed2b000 JavaThread "jar transforms Thread 5" [_thread_blocked, id=5608, stack(0x0000000bbec00000,0x0000000bbed00000)]
  0x0000015ebed28800 JavaThread "jar transforms Thread 6" [_thread_blocked, id=1848, stack(0x0000000bbed00000,0x0000000bbee00000)]
  0x0000015ebed27000 JavaThread "jar transforms Thread 7" [_thread_blocked, id=14464, stack(0x0000000bbee00000,0x0000000bbef00000)]
  0x0000015ebed26000 JavaThread "jar transforms Thread 8" [_thread_blocked, id=20924, stack(0x0000000bbef00000,0x0000000bbf000000)]
  0x0000015ebed28000 JavaThread "jar transforms Thread 9" [_thread_blocked, id=18952, stack(0x0000000bbf000000,0x0000000bbf100000)]
  0x0000015ebed29800 JavaThread "jar transforms Thread 10" [_thread_blocked, id=16088, stack(0x0000000bbf100000,0x0000000bbf200000)]
  0x0000015ebed25800 JavaThread "jar transforms Thread 11" [_thread_blocked, id=13948, stack(0x0000000bbf200000,0x0000000bbf300000)]
  0x0000015ebed2c800 JavaThread "jar transforms Thread 12" [_thread_blocked, id=18120, stack(0x0000000bbf300000,0x0000000bbf400000)]
  0x0000015ebed30000 JavaThread "jar transforms Thread 13" [_thread_blocked, id=8664, stack(0x0000000bbf400000,0x0000000bbf500000)]
  0x0000015ebed2e800 JavaThread "jar transforms Thread 14" [_thread_blocked, id=21148, stack(0x0000000bbf500000,0x0000000bbf600000)]
  0x0000015ebed2f000 JavaThread "jar transforms Thread 15" [_thread_blocked, id=7052, stack(0x0000000bbf600000,0x0000000bbf700000)]
  0x0000015ebed31000 JavaThread "jar transforms Thread 16" [_thread_blocked, id=3364, stack(0x0000000bbf700000,0x0000000bbf800000)]
  0x0000015ebed31800 JavaThread "Memory manager" [_thread_blocked, id=13092, stack(0x0000000bbf900000,0x0000000bbfa00000)]
  0x0000015ebed34000 JavaThread "pool-3-thread-1" [_thread_blocked, id=14572, stack(0x0000000bbfc00000,0x0000000bbfd00000)]
  0x0000015ec6231000 JavaThread "RMI Scheduler(0)" daemon [_thread_blocked, id=10468, stack(0x0000000bbd000000,0x0000000bbd100000)]
  0x0000015ec6236800 JavaThread "RMI GC Daemon" daemon [_thread_blocked, id=16896, stack(0x0000000bc1300000,0x0000000bc1400000)]
  0x0000015ec6237800 JavaThread "RMI TCP Accept-0" daemon [_thread_in_native, id=3528, stack(0x0000000bc1400000,0x0000000bc1500000)]
  0x0000015ec6239000 JavaThread "RMI Reaper" [_thread_blocked, id=2824, stack(0x0000000bc1500000,0x0000000bc1600000)]
  0x0000015ec6238000 JavaThread "RMI TCP Connection(1)-127.0.0.1" daemon [_thread_in_native, id=15860, stack(0x0000000bc1600000,0x0000000bc1700000)]
  0x0000015ec623a000 JavaThread "Cache worker for Java compile cache (C:\Users\Billy\.gradle\caches\7.0.2\javaCompile)" [_thread_blocked, id=8024, stack(0x0000000bc1700000,0x0000000bc1800000)]
  0x0000015ec5b8b800 JavaThread "ForkJoinPool.commonPool-worker-19" daemon [_thread_blocked, id=15996, stack(0x0000000bc2700000,0x0000000bc2800000)]
  0x0000015ec5b8d000 JavaThread "ForkJoinPool.commonPool-worker-5" daemon [_thread_blocked, id=14272, stack(0x0000000bc2800000,0x0000000bc2900000)]
  0x0000015ec5b8f000 JavaThread "ForkJoinPool.commonPool-worker-23" daemon [_thread_blocked, id=10188, stack(0x0000000bc2900000,0x0000000bc2a00000)]
  0x0000015ec5b8e000 JavaThread "ForkJoinPool.commonPool-worker-9" daemon [_thread_blocked, id=13884, stack(0x0000000bc2a00000,0x0000000bc2b00000)]
  0x0000015ec5b8c800 JavaThread "ForkJoinPool.commonPool-worker-13" daemon [_thread_blocked, id=8708, stack(0x0000000bc2b00000,0x0000000bc2c00000)]
  0x0000015ec5b8f800 JavaThread "ForkJoinPool.commonPool-worker-31" daemon [_thread_blocked, id=19312, stack(0x0000000bc2c00000,0x0000000bc2d00000)]
  0x0000015ec5b90800 JavaThread "ForkJoinPool.commonPool-worker-27" daemon [_thread_blocked, id=8968, stack(0x0000000bc2d00000,0x0000000bc2e00000)]
  0x0000015ec5b8a800 JavaThread "ForkJoinPool.commonPool-worker-17" daemon [_thread_blocked, id=20972, stack(0x0000000bc2e00000,0x0000000bc2f00000)]
  0x0000015ec5b91000 JavaThread "ForkJoinPool.commonPool-worker-3" daemon [_thread_blocked, id=15980, stack(0x0000000bc2f00000,0x0000000bc3000000)]
  0x0000015ec5b92000 JavaThread "ForkJoinPool.commonPool-worker-7" daemon [_thread_blocked, id=15136, stack(0x0000000bc3000000,0x0000000bc3100000)]
  0x0000015ebb993800 JavaThread "ForkJoinPool.commonPool-worker-21" daemon [_thread_blocked, id=20876, stack(0x0000000bc3100000,0x0000000bc3200000)]
  0x0000015ebb994800 JavaThread "ForkJoinPool.commonPool-worker-25" daemon [_thread_blocked, id=17492, stack(0x0000000bc3200000,0x0000000bc3300000)]
  0x0000015ebb995000 JavaThread "ForkJoinPool.commonPool-worker-11" daemon [_thread_blocked, id=7432, stack(0x0000000bc3300000,0x0000000bc3400000)]
  0x0000015ebb992000 JavaThread "ForkJoinPool.commonPool-worker-29" daemon [_thread_blocked, id=19016, stack(0x0000000bc3400000,0x0000000bc3500000)]
  0x0000015ebb996000 JavaThread "ForkJoinPool.commonPool-worker-15" daemon [_thread_blocked, id=7628, stack(0x0000000bc3500000,0x0000000bc3600000)]
  0x0000015ebb992800 JavaThread "Handler for socket connection from /127.0.0.1:54441 to /127.0.0.1:54466" [_thread_in_native, id=14436, stack(0x0000000bbb500000,0x0000000bbb600000)]
  0x0000015ebb997000 JavaThread "Cancel handler" [_thread_blocked, id=9992, stack(0x0000000bbb800000,0x0000000bbb900000)]
  0x0000015ebb998800 JavaThread "Asynchronous log dispatcher for DefaultDaemonConnection: socket connection from /127.0.0.1:54441 to /127.0.0.1:54466" [_thread_blocked, id=11748, stack(0x0000000bbb900000,0x0000000bbba00000)]
  0x0000015ebb99f000 JavaThread "C1 CompilerThread1" daemon [_thread_blocked, id=6992, stack(0x0000000bbd800000,0x0000000bbd900000)]
  0x0000015eba83d800 JavaThread "pool-8-thread-1" [_thread_blocked, id=20416, stack(0x0000000bbfb00000,0x0000000bbfc00000)]

Other Threads:
  0x0000015eba324800 VMThread "VM Thread" [stack: 0x0000000bba300000,0x0000000bba400000] [id=18452]
  0x0000015eba4f9000 WatcherThread [stack: 0x0000000bbae00000,0x0000000bbaf00000] [id=18260]
  0x0000015e9eb07800 GCTaskThread "GC Thread#0" [stack: 0x0000000bb9e00000,0x0000000bb9f00000] [id=20588]
  0x0000015ebb2ce800 GCTaskThread "GC Thread#1" [stack: 0x0000000bbb000000,0x0000000bbb100000] [id=9692]
  0x0000015ebb254800 GCTaskThread "GC Thread#2" [stack: 0x0000000bbb100000,0x0000000bbb200000] [id=8152]
  0x0000015ebb255800 GCTaskThread "GC Thread#3" [stack: 0x0000000bbb200000,0x0000000bbb300000] [id=14344]
  0x0000015ebc9f9000 GCTaskThread "GC Thread#4" [stack: 0x0000000bbc100000,0x0000000bbc200000] [id=13852]
  0x0000015ebbd8c000 GCTaskThread "GC Thread#5" [stack: 0x0000000bbc200000,0x0000000bbc300000] [id=18184]
  0x0000015ebca19000 GCTaskThread "GC Thread#6" [stack: 0x0000000bbc300000,0x0000000bbc400000] [id=3576]
  0x0000015ebca1a000 GCTaskThread "GC Thread#7" [stack: 0x0000000bbc400000,0x0000000bbc500000] [id=20700]
  0x0000015ebb2aa800 GCTaskThread "GC Thread#8" [stack: 0x0000000bbc500000,0x0000000bbc600000] [id=9168]
  0x0000015ebb2ab800 GCTaskThread "GC Thread#9" [stack: 0x0000000bbc600000,0x0000000bbc700000] [id=10248]
  0x0000015ebbb13800 GCTaskThread "GC Thread#10" [stack: 0x0000000bbc700000,0x0000000bbc800000] [id=4960]
  0x0000015ebbb14000 GCTaskThread "GC Thread#11" [stack: 0x0000000bbc800000,0x0000000bbc900000] [id=6000]
  0x0000015ebba49800 GCTaskThread "GC Thread#12" [stack: 0x0000000bbc900000,0x0000000bbca00000] [id=16692]
  0x0000015e9eb3a800 ConcurrentGCThread "G1 Main Marker" [stack: 0x0000000bb9f00000,0x0000000bba000000] [id=9600]
  0x0000015e9eb3d000 ConcurrentGCThread "G1 Conc#0" [stack: 0x0000000bba000000,0x0000000bba100000] [id=13212]
  0x0000015ebb228800 ConcurrentGCThread "G1 Conc#1" [stack: 0x0000000bbca00000,0x0000000bbcb00000] [id=12572]
  0x0000015ebb229800 ConcurrentGCThread "G1 Conc#2" [stack: 0x0000000bbcb00000,0x0000000bbcc00000] [id=21472]
  0x0000015e9ebcd800 ConcurrentGCThread "G1 Refine#0" [stack: 0x0000000bba100000,0x0000000bba200000] [id=15352]
  0x0000015ec160e000 ConcurrentGCThread "G1 Refine#1" [stack: 0x0000000bbf800000,0x0000000bbf900000] [id=12232]
  0x0000015eb995d800 ConcurrentGCThread "G1 Young RemSet Sampling" [stack: 0x0000000bba200000,0x0000000bba300000] [id=19740]

Threads with active compile tasks:
C2 CompilerThread0  34925 19723   !   4       java.io.ObjectOutputStream::writeObject0 (619 bytes)

VM state:not at safepoint (normal execution)

VM Mutex/Monitor currently owned by a thread: None

Heap address: 0x0000000080000000, size: 2048 MB, Compressed Oops mode: 32-bit
Narrow klass base: 0x0000000000000000, Narrow klass shift: 3
Compressed class space size: 1073741824 Address: 0x0000000100000000

Heap:
 garbage-first heap   total 196608K, used 128807K [0x0000000080000000, 0x0000000100000000)
  region size 1024K, 3 young (3072K), 2 survivors (2048K)
 Metaspace       used 128241K, capacity 131532K, committed 134564K, reserved 1165312K
  class space    used 16085K, capacity 17310K, committed 18560K, reserved 1048576K
Heap Regions: E=young(eden), S=young(survivor), O=old, HS=humongous(starts), HC=humongous(continues), CS=collection set, F=free, A=archive, TAMS=top-at-mark-start (previous, next)
|   0|0x0000000080000000, 0x0000000080100000, 0x0000000080100000|100%| O|  |TAMS 0x0000000080100000, 0x0000000080000000| Untracked 
|   1|0x0000000080100000, 0x0000000080200000, 0x0000000080200000|100%| O|  |TAMS 0x0000000080200000, 0x0000000080100000| Untracked 
|   2|0x0000000080200000, 0x0000000080300000, 0x0000000080300000|100%| O|  |TAMS 0x0000000080300000, 0x0000000080200000| Untracked 
|   3|0x0000000080300000, 0x0000000080400000, 0x0000000080400000|100%|HS|  |TAMS 0x0000000080400000, 0x0000000080300000| Complete 
|   4|0x0000000080400000, 0x0000000080500000, 0x0000000080500000|100%|HC|  |TAMS 0x0000000080500000, 0x0000000080400000| Complete 
|   5|0x0000000080500000, 0x0000000080600000, 0x0000000080600000|100%|HC|  |TAMS 0x0000000080600000, 0x0000000080500000| Complete 
|   6|0x0000000080600000, 0x0000000080700000, 0x0000000080700000|100%| O|  |TAMS 0x0000000080700000, 0x0000000080600000| Untracked 
|   7|0x0000000080700000, 0x0000000080800000, 0x0000000080800000|100%| O|  |TAMS 0x0000000080800000, 0x0000000080700000| Complete 
|   8|0x0000000080800000, 0x0000000080900000, 0x0000000080900000|100%| O|  |TAMS 0x0000000080900000, 0x0000000080800000| Untracked 
|   9|0x0000000080900000, 0x0000000080a00000, 0x0000000080a00000|100%| O|  |TAMS 0x0000000080a00000, 0x0000000080900000| Untracked 
|  10|0x0000000080a00000, 0x0000000080b00000, 0x0000000080b00000|100%| O|  |TAMS 0x0000000080b00000, 0x0000000080a00000| Untracked 
|  11|0x0000000080b00000, 0x0000000080c00000, 0x0000000080c00000|100%| O|  |TAMS 0x0000000080c00000, 0x0000000080b00000| Untracked 
|  12|0x0000000080c00000, 0x0000000080d00000, 0x0000000080d00000|100%| O|  |TAMS 0x0000000080d00000, 0x0000000080c00000| Untracked 
|  13|0x0000000080d00000, 0x0000000080e00000, 0x0000000080e00000|100%| O|  |TAMS 0x0000000080e00000, 0x0000000080d00000| Untracked 
|  14|0x0000000080e00000, 0x0000000080f00000, 0x0000000080f00000|100%| O|  |TAMS 0x0000000080f00000, 0x0000000080e00000| Untracked 
|  15|0x0000000080f00000, 0x0000000081000000, 0x0000000081000000|100%| O|  |TAMS 0x0000000081000000, 0x0000000080f00000| Untracked 
|  16|0x0000000081000000, 0x0000000081100000, 0x0000000081100000|100%|HS|  |TAMS 0x0000000081100000, 0x0000000081000000| Complete 
|  17|0x0000000081100000, 0x0000000081200000, 0x0000000081200000|100%|HS|  |TAMS 0x0000000081200000, 0x0000000081100000| Complete 
|  18|0x0000000081200000, 0x0000000081300000, 0x0000000081300000|100%|HS|  |TAMS 0x0000000081300000, 0x0000000081200000| Complete 
|  19|0x0000000081300000, 0x0000000081400000, 0x0000000081400000|100%|HS|  |TAMS 0x0000000081400000, 0x0000000081300000| Complete 
|  20|0x0000000081400000, 0x0000000081500000, 0x0000000081500000|100%|HC|  |TAMS 0x0000000081500000, 0x0000000081400000| Complete 
|  21|0x0000000081500000, 0x0000000081600000, 0x0000000081600000|100%|HC|  |TAMS 0x0000000081600000, 0x0000000081500000| Complete 
|  22|0x0000000081600000, 0x0000000081700000, 0x0000000081700000|100%|HS|  |TAMS 0x0000000081700000, 0x0000000081600000| Complete 
|  23|0x0000000081700000, 0x0000000081800000, 0x0000000081800000|100%|HC|  |TAMS 0x0000000081800000, 0x0000000081700000| Complete 
|  24|0x0000000081800000, 0x0000000081900000, 0x0000000081900000|100%| O|  |TAMS 0x0000000081900000, 0x0000000081800000| Untracked 
|  25|0x0000000081900000, 0x0000000081a00000, 0x0000000081a00000|100%| O|  |TAMS 0x0000000081a00000, 0x0000000081900000| Untracked 
|  26|0x0000000081a00000, 0x0000000081b00000, 0x0000000081b00000|100%| O|  |TAMS 0x0000000081b00000, 0x0000000081a00000| Untracked 
|  27|0x0000000081b00000, 0x0000000081c00000, 0x0000000081c00000|100%| O|  |TAMS 0x0000000081c00000, 0x0000000081b00000| Untracked 
|  28|0x0000000081c00000, 0x0000000081d00000, 0x0000000081d00000|100%| O|  |TAMS 0x0000000081d00000, 0x0000000081c00000| Untracked 
|  29|0x0000000081d00000, 0x0000000081e00000, 0x0000000081e00000|100%| O|  |TAMS 0x0000000081e00000, 0x0000000081d00000| Untracked 
|  30|0x0000000081e00000, 0x0000000081f00000, 0x0000000081f00000|100%| O|  |TAMS 0x0000000081f00000, 0x0000000081e00000| Untracked 
|  31|0x0000000081f00000, 0x0000000082000000, 0x0000000082000000|100%| O|  |TAMS 0x0000000082000000, 0x0000000081f00000| Untracked 
|  32|0x0000000082000000, 0x0000000082100000, 0x0000000082100000|100%| O|  |TAMS 0x0000000082100000, 0x0000000082000000| Untracked 
|  33|0x0000000082100000, 0x0000000082200000, 0x0000000082200000|100%| O|  |TAMS 0x0000000082200000, 0x0000000082100000| Complete 
|  34|0x0000000082200000, 0x0000000082300000, 0x0000000082300000|100%| O|  |TAMS 0x0000000082300000, 0x0000000082200000| Untracked 
|  35|0x0000000082300000, 0x0000000082400000, 0x0000000082400000|100%| O|  |TAMS 0x0000000082400000, 0x0000000082300000| Untracked 
|  36|0x0000000082400000, 0x0000000082500000, 0x0000000082500000|100%| O|  |TAMS 0x0000000082500000, 0x0000000082400000| Untracked 
|  37|0x0000000082500000, 0x0000000082600000, 0x0000000082600000|100%| O|  |TAMS 0x0000000082600000, 0x0000000082500000| Complete 
|  38|0x0000000082600000, 0x0000000082700000, 0x0000000082700000|100%| O|  |TAMS 0x0000000082700000, 0x0000000082600000| Untracked 
|  39|0x0000000082700000, 0x0000000082800000, 0x0000000082800000|100%| O|  |TAMS 0x0000000082800000, 0x0000000082700000| Untracked 
|  40|0x0000000082800000, 0x0000000082900000, 0x0000000082900000|100%| O|  |TAMS 0x0000000082900000, 0x0000000082800000| Complete 
|  41|0x0000000082900000, 0x0000000082a00000, 0x0000000082a00000|100%| O|  |TAMS 0x0000000082a00000, 0x0000000082900000| Complete 
|  42|0x0000000082a00000, 0x0000000082b00000, 0x0000000082b00000|100%| O|  |TAMS 0x0000000082b00000, 0x0000000082a00000| Untracked 
|  43|0x0000000082b00000, 0x0000000082c00000, 0x0000000082c00000|100%| O|  |TAMS 0x0000000082c00000, 0x0000000082b00000| Complete 
|  44|0x0000000082c00000, 0x0000000082d00000, 0x0000000082d00000|100%| O|  |TAMS 0x0000000082d00000, 0x0000000082c00000| Complete 
|  45|0x0000000082d00000, 0x0000000082e00000, 0x0000000082e00000|100%| O|  |TAMS 0x0000000082e00000, 0x0000000082d00000| Complete 
|  46|0x0000000082e00000, 0x0000000082f00000, 0x0000000082f00000|100%| O|  |TAMS 0x0000000082f00000, 0x0000000082e00000| Untracked 
|  47|0x0000000082f00000, 0x0000000083000000, 0x0000000083000000|100%| O|  |TAMS 0x0000000083000000, 0x0000000082f00000| Untracked 
|  48|0x0000000083000000, 0x0000000083100000, 0x0000000083100000|100%| O|  |TAMS 0x0000000083100000, 0x0000000083000000| Untracked 
|  49|0x0000000083100000, 0x0000000083200000, 0x0000000083200000|100%| O|  |TAMS 0x0000000083200000, 0x0000000083100000| Untracked 
|  50|0x0000000083200000, 0x0000000083300000, 0x0000000083300000|100%| O|  |TAMS 0x0000000083300000, 0x0000000083200000| Untracked 
|  51|0x0000000083300000, 0x0000000083400000, 0x0000000083400000|100%| O|  |TAMS 0x0000000083400000, 0x0000000083300000| Untracked 
|  52|0x0000000083400000, 0x0000000083500000, 0x0000000083500000|100%| O|  |TAMS 0x0000000083500000, 0x0000000083400000| Complete 
|  53|0x0000000083500000, 0x0000000083600000, 0x0000000083600000|100%| O|  |TAMS 0x0000000083600000, 0x0000000083500000| Complete 
|  54|0x0000000083600000, 0x0000000083700000, 0x0000000083700000|100%| O|  |TAMS 0x0000000083700000, 0x0000000083600000| Complete 
|  55|0x0000000083700000, 0x0000000083800000, 0x0000000083800000|100%| O|  |TAMS 0x0000000083800000, 0x0000000083700000| Complete 
|  56|0x0000000083800000, 0x0000000083900000, 0x0000000083900000|100%| O|  |TAMS 0x0000000083900000, 0x0000000083800000| Complete 
|  57|0x0000000083900000, 0x0000000083a00000, 0x0000000083a00000|100%| O|  |TAMS 0x0000000083a00000, 0x0000000083900000| Untracked 
|  58|0x0000000083a00000, 0x0000000083b00000, 0x0000000083b00000|100%| O|  |TAMS 0x0000000083b00000, 0x0000000083a00000| Complete 
|  59|0x0000000083b00000, 0x0000000083c00000, 0x0000000083c00000|100%| O|  |TAMS 0x0000000083c00000, 0x0000000083b00000| Complete 
|  60|0x0000000083c00000, 0x0000000083d00000, 0x0000000083d00000|100%| O|  |TAMS 0x0000000083d00000, 0x0000000083c00000| Untracked 
|  61|0x0000000083d00000, 0x0000000083e00000, 0x0000000083e00000|100%| O|  |TAMS 0x0000000083e00000, 0x0000000083d00000| Untracked 
|  62|0x0000000083e00000, 0x0000000083f00000, 0x0000000083f00000|100%| O|  |TAMS 0x0000000083f00000, 0x0000000083e00000| Untracked 
|  63|0x0000000083f00000, 0x0000000084000000, 0x0000000084000000|100%| O|  |TAMS 0x0000000084000000, 0x0000000083f00000| Complete 
|  64|0x0000000084000000, 0x0000000084100000, 0x0000000084100000|100%| O|  |TAMS 0x0000000084100000, 0x0000000084000000| Complete 
|  65|0x0000000084100000, 0x0000000084200000, 0x0000000084200000|100%| O|  |TAMS 0x0000000084200000, 0x0000000084100000| Complete 
|  66|0x0000000084200000, 0x0000000084300000, 0x0000000084300000|100%| O|  |TAMS 0x0000000084300000, 0x0000000084200000| Complete 
|  67|0x0000000084300000, 0x0000000084400000, 0x0000000084400000|100%| O|  |TAMS 0x0000000084400000, 0x0000000084300000| Complete 
|  68|0x0000000084400000, 0x0000000084500000, 0x0000000084500000|100%| O|  |TAMS 0x0000000084500000, 0x0000000084400000| Complete 
|  69|0x0000000084500000, 0x0000000084600000, 0x0000000084600000|100%| O|  |TAMS 0x0000000084600000, 0x0000000084500000| Complete 
|  70|0x0000000084600000, 0x0000000084700000, 0x0000000084700000|100%| O|  |TAMS 0x0000000084700000, 0x0000000084600000| Complete 
|  71|0x0000000084700000, 0x0000000084800000, 0x0000000084800000|100%| O|  |TAMS 0x0000000084800000, 0x0000000084700000| Complete 
|  72|0x0000000084800000, 0x0000000084900000, 0x0000000084900000|100%| O|  |TAMS 0x0000000084900000, 0x0000000084800000| Untracked 
|  73|0x0000000084900000, 0x0000000084a00000, 0x0000000084a00000|100%| O|  |TAMS 0x0000000084a00000, 0x0000000084900000| Untracked 
|  74|0x0000000084a00000, 0x0000000084b00000, 0x0000000084b00000|100%| O|  |TAMS 0x0000000084b00000, 0x0000000084a00000| Complete 
|  75|0x0000000084b00000, 0x0000000084c00000, 0x0000000084c00000|100%| O|  |TAMS 0x0000000084c00000, 0x0000000084b00000| Complete 
|  76|0x0000000084c00000, 0x0000000084d00000, 0x0000000084d00000|100%| O|  |TAMS 0x0000000084d00000, 0x0000000084c00000| Complete 
|  77|0x0000000084d00000, 0x0000000084e00000, 0x0000000084e00000|100%| O|  |TAMS 0x0000000084e00000, 0x0000000084d00000| Complete 
|  78|0x0000000084e00000, 0x0000000084f00000, 0x0000000084f00000|100%| O|  |TAMS 0x0000000084f00000, 0x0000000084e00000| Complete 
|  79|0x0000000084f00000, 0x0000000085000000, 0x0000000085000000|100%| O|  |TAMS 0x0000000085000000, 0x0000000084f00000| Complete 
|  80|0x0000000085000000, 0x0000000085100000, 0x0000000085100000|100%| O|  |TAMS 0x0000000085100000, 0x0000000085000000| Complete 
|  81|0x0000000085100000, 0x0000000085200000, 0x0000000085200000|100%| O|  |TAMS 0x0000000085200000, 0x0000000085100000| Complete 
|  82|0x0000000085200000, 0x0000000085300000, 0x0000000085300000|100%| O|  |TAMS 0x0000000085300000, 0x0000000085200000| Complete 
|  83|0x0000000085300000, 0x0000000085400000, 0x0000000085400000|100%| O|  |TAMS 0x0000000085400000, 0x0000000085300000| Untracked 
|  84|0x0000000085400000, 0x0000000085500000, 0x0000000085500000|100%| O|  |TAMS 0x0000000085500000, 0x0000000085400000| Untracked 
|  85|0x0000000085500000, 0x0000000085600000, 0x0000000085600000|100%| O|  |TAMS 0x0000000085600000, 0x0000000085500000| Complete 
|  86|0x0000000085600000, 0x0000000085700000, 0x0000000085700000|100%| O|  |TAMS 0x0000000085700000, 0x0000000085600000| Complete 
|  87|0x0000000085700000, 0x0000000085800000, 0x0000000085800000|100%| O|  |TAMS 0x0000000085800000, 0x0000000085700000| Complete 
|  88|0x0000000085800000, 0x0000000085900000, 0x0000000085900000|100%| O|  |TAMS 0x0000000085900000, 0x0000000085800000| Complete 
|  89|0x0000000085900000, 0x0000000085a00000, 0x0000000085a00000|100%| O|  |TAMS 0x0000000085a00000, 0x0000000085900000| Complete 
|  90|0x0000000085a00000, 0x0000000085b00000, 0x0000000085b00000|100%| O|  |TAMS 0x0000000085b00000, 0x0000000085a00000| Complete 
|  91|0x0000000085b00000, 0x0000000085c00000, 0x0000000085c00000|100%| O|  |TAMS 0x0000000085c00000, 0x0000000085b00000| Untracked 
|  92|0x0000000085c00000, 0x0000000085d00000, 0x0000000085d00000|100%| O|  |TAMS 0x0000000085d00000, 0x0000000085c00000| Untracked 
|  93|0x0000000085d00000, 0x0000000085e00000, 0x0000000085e00000|100%| O|  |TAMS 0x0000000085e00000, 0x0000000085d00000| Untracked 
|  94|0x0000000085e00000, 0x0000000085f00000, 0x0000000085f00000|100%| O|  |TAMS 0x0000000085f00000, 0x0000000085e00000| Complete 
|  95|0x0000000085f00000, 0x0000000086000000, 0x0000000086000000|100%| O|  |TAMS 0x0000000086000000, 0x0000000085f00000| Complete 
|  96|0x0000000086000000, 0x0000000086100000, 0x0000000086100000|100%| O|  |TAMS 0x0000000086100000, 0x0000000086000000| Untracked 
|  97|0x0000000086100000, 0x0000000086200000, 0x0000000086200000|100%| O|  |TAMS 0x0000000086200000, 0x0000000086100000| Complete 
|  98|0x0000000086200000, 0x0000000086300000, 0x0000000086300000|100%| O|  |TAMS 0x0000000086200000, 0x0000000086200000| Untracked 
|  99|0x0000000086300000, 0x0000000086400000, 0x0000000086400000|100%| O|  |TAMS 0x0000000086300000, 0x0000000086300000| Untracked 
| 100|0x0000000086400000, 0x0000000086500000, 0x0000000086500000|100%| O|  |TAMS 0x0000000086500000, 0x0000000086400000| Untracked 
| 101|0x0000000086500000, 0x0000000086600000, 0x0000000086600000|100%| O|  |TAMS 0x0000000086600000, 0x0000000086500000| Complete 
| 102|0x0000000086600000, 0x0000000086700000, 0x0000000086700000|100%| O|  |TAMS 0x0000000086700000, 0x0000000086600000| Complete 
| 103|0x0000000086700000, 0x0000000086800000, 0x0000000086800000|100%| O|  |TAMS 0x0000000086800000, 0x0000000086700000| Untracked 
| 104|0x0000000086800000, 0x0000000086900000, 0x0000000086900000|100%| O|  |TAMS 0x0000000086900000, 0x0000000086800000| Complete 
| 105|0x0000000086900000, 0x0000000086a00000, 0x0000000086a00000|100%| O|  |TAMS 0x0000000086a00000, 0x0000000086900000| Untracked 
| 106|0x0000000086a00000, 0x0000000086b00000, 0x0000000086b00000|100%| O|  |TAMS 0x0000000086b00000, 0x0000000086a00000| Complete 
| 107|0x0000000086b00000, 0x0000000086c00000, 0x0000000086c00000|100%| O|  |TAMS 0x0000000086c00000, 0x0000000086b00000| Complete 
| 108|0x0000000086c00000, 0x0000000086d00000, 0x0000000086d00000|100%| O|  |TAMS 0x0000000086d00000, 0x0000000086c00000| Untracked 
| 109|0x0000000086d00000, 0x0000000086e00000, 0x0000000086e00000|100%| O|  |TAMS 0x0000000086e00000, 0x0000000086d00000| Untracked 
| 110|0x0000000086e00000, 0x0000000086f00000, 0x0000000086f00000|100%| O|  |TAMS 0x0000000086f00000, 0x0000000086e00000| Untracked 
| 111|0x0000000086f00000, 0x0000000087000000, 0x0000000087000000|100%| O|  |TAMS 0x0000000087000000, 0x0000000086f00000| Untracked 
| 112|0x0000000087000000, 0x0000000087100000, 0x0000000087100000|100%| O|  |TAMS 0x0000000087100000, 0x0000000087000000| Untracked 
| 113|0x0000000087100000, 0x0000000087200000, 0x0000000087200000|100%| O|  |TAMS 0x0000000087200000, 0x0000000087100000| Complete 
| 114|0x0000000087200000, 0x0000000087300000, 0x0000000087300000|100%| O|  |TAMS 0x0000000087300000, 0x0000000087200000| Untracked 
| 115|0x0000000087300000, 0x0000000087400000, 0x0000000087400000|100%| O|  |TAMS 0x0000000087400000, 0x0000000087300000| Untracked 
| 116|0x0000000087400000, 0x0000000087500000, 0x0000000087500000|100%| O|  |TAMS 0x0000000087500000, 0x0000000087400000| Untracked 
| 117|0x0000000087500000, 0x0000000087600000, 0x0000000087600000|100%| O|  |TAMS 0x0000000087600000, 0x0000000087500000| Untracked 
| 118|0x0000000087600000, 0x0000000087700000, 0x0000000087700000|100%| O|  |TAMS 0x0000000087700000, 0x0000000087600000| Complete 
| 119|0x0000000087700000, 0x0000000087800000, 0x0000000087800000|100%| O|  |TAMS 0x0000000087800000, 0x0000000087700000| Untracked 
| 120|0x0000000087800000, 0x0000000087900000, 0x0000000087900000|100%| O|  |TAMS 0x00000000878bfe00, 0x0000000087800000| Untracked 
| 121|0x0000000087900000, 0x0000000087900000, 0x0000000087a00000|  0%| F|  |TAMS 0x0000000087900000, 0x0000000087900000| Untracked 
| 122|0x0000000087a00000, 0x0000000087a00000, 0x0000000087b00000|  0%| F|  |TAMS 0x0000000087a00000, 0x0000000087a00000| Untracked 
| 123|0x0000000087b00000, 0x0000000087b00000, 0x0000000087c00000|  0%| F|  |TAMS 0x0000000087b00000, 0x0000000087b00000| Untracked 
| 124|0x0000000087c00000, 0x0000000087c00000, 0x0000000087d00000|  0%| F|  |TAMS 0x0000000087c00000, 0x0000000087c00000| Untracked 
| 125|0x0000000087d00000, 0x0000000087d00000, 0x0000000087e00000|  0%| F|  |TAMS 0x0000000087d00000, 0x0000000087d00000| Untracked 
| 126|0x0000000087e00000, 0x0000000087e00000, 0x0000000087f00000|  0%| F|  |TAMS 0x0000000087e00000, 0x0000000087e00000| Untracked 
| 127|0x0000000087f00000, 0x0000000087f00000, 0x0000000088000000|  0%| F|  |TAMS 0x0000000087f00000, 0x0000000087f00000| Untracked 
| 128|0x0000000088000000, 0x0000000088000000, 0x0000000088100000|  0%| F|  |TAMS 0x0000000088000000, 0x0000000088000000| Untracked 
| 129|0x0000000088100000, 0x0000000088100000, 0x0000000088200000|  0%| F|  |TAMS 0x0000000088100000, 0x0000000088100000| Untracked 
| 130|0x0000000088200000, 0x0000000088200000, 0x0000000088300000|  0%| F|  |TAMS 0x0000000088200000, 0x0000000088200000| Untracked 
| 131|0x0000000088300000, 0x0000000088300000, 0x0000000088400000|  0%| F|  |TAMS 0x0000000088300000, 0x0000000088300000| Untracked 
| 132|0x0000000088400000, 0x0000000088400000, 0x0000000088500000|  0%| F|  |TAMS 0x0000000088400000, 0x0000000088400000| Untracked 
| 133|0x0000000088500000, 0x0000000088500000, 0x0000000088600000|  0%| F|  |TAMS 0x0000000088500000, 0x0000000088500000| Untracked 
| 134|0x0000000088600000, 0x0000000088600000, 0x0000000088700000|  0%| F|  |TAMS 0x0000000088600000, 0x0000000088600000| Untracked 
| 135|0x0000000088700000, 0x0000000088700000, 0x0000000088800000|  0%| F|  |TAMS 0x0000000088700000, 0x0000000088700000| Untracked 
| 136|0x0000000088800000, 0x0000000088900000, 0x0000000088900000|100%| O|  |TAMS 0x0000000088800000, 0x0000000088800000| Untracked 
| 137|0x0000000088900000, 0x0000000088a00000, 0x0000000088a00000|100%| O|  |TAMS 0x0000000088900000, 0x0000000088900000| Untracked 
| 138|0x0000000088a00000, 0x0000000088acc200, 0x0000000088b00000| 79%| O|  |TAMS 0x0000000088a00000, 0x0000000088a00000| Untracked 
| 139|0x0000000088b00000, 0x0000000088b00000, 0x0000000088c00000|  0%| F|  |TAMS 0x0000000088b00000, 0x0000000088b00000| Untracked 
| 140|0x0000000088c00000, 0x0000000088c00000, 0x0000000088d00000|  0%| F|  |TAMS 0x0000000088c00000, 0x0000000088c00000| Untracked 
| 141|0x0000000088d00000, 0x0000000088d00000, 0x0000000088e00000|  0%| F|  |TAMS 0x0000000088d00000, 0x0000000088d00000| Untracked 
| 142|0x0000000088e00000, 0x0000000088e00000, 0x0000000088f00000|  0%| F|  |TAMS 0x0000000088e00000, 0x0000000088e00000| Untracked 
| 143|0x0000000088f00000, 0x0000000088f00000, 0x0000000089000000|  0%| F|  |TAMS 0x0000000088f00000, 0x0000000088f00000| Untracked 
| 144|0x0000000089000000, 0x0000000089000000, 0x0000000089100000|  0%| F|  |TAMS 0x0000000089000000, 0x0000000089000000| Untracked 
| 145|0x0000000089100000, 0x0000000089100000, 0x0000000089200000|  0%| F|  |TAMS 0x0000000089100000, 0x0000000089100000| Untracked 
| 146|0x0000000089200000, 0x0000000089200000, 0x0000000089300000|  0%| F|  |TAMS 0x0000000089200000, 0x0000000089200000| Untracked 
| 147|0x0000000089300000, 0x0000000089300000, 0x0000000089400000|  0%| F|  |TAMS 0x0000000089300000, 0x0000000089300000| Untracked 
| 148|0x0000000089400000, 0x0000000089400000, 0x0000000089500000|  0%| F|  |TAMS 0x0000000089400000, 0x0000000089400000| Untracked 
| 149|0x0000000089500000, 0x0000000089500000, 0x0000000089600000|  0%| F|  |TAMS 0x0000000089500000, 0x0000000089500000| Untracked 
| 150|0x0000000089600000, 0x0000000089600000, 0x0000000089700000|  0%| F|  |TAMS 0x0000000089600000, 0x0000000089600000| Untracked 
| 151|0x0000000089700000, 0x0000000089700000, 0x0000000089800000|  0%| F|  |TAMS 0x0000000089700000, 0x0000000089700000| Untracked 
| 152|0x0000000089800000, 0x0000000089800000, 0x0000000089900000|  0%| F|  |TAMS 0x0000000089800000, 0x0000000089800000| Untracked 
| 153|0x0000000089900000, 0x0000000089900000, 0x0000000089a00000|  0%| F|  |TAMS 0x0000000089900000, 0x0000000089900000| Untracked 
| 154|0x0000000089a00000, 0x0000000089a00000, 0x0000000089b00000|  0%| F|  |TAMS 0x0000000089a00000, 0x0000000089a00000| Untracked 
| 155|0x0000000089b00000, 0x0000000089b00000, 0x0000000089c00000|  0%| F|  |TAMS 0x0000000089b00000, 0x0000000089b00000| Untracked 
| 156|0x0000000089c00000, 0x0000000089c00000, 0x0000000089d00000|  0%| F|  |TAMS 0x0000000089c00000, 0x0000000089c00000| Untracked 
| 157|0x0000000089d00000, 0x0000000089d00000, 0x0000000089e00000|  0%| F|  |TAMS 0x0000000089d00000, 0x0000000089d00000| Untracked 
| 158|0x0000000089e00000, 0x0000000089e00000, 0x0000000089f00000|  0%| F|  |TAMS 0x0000000089e00000, 0x0000000089e00000| Untracked 
| 159|0x0000000089f00000, 0x0000000089f00000, 0x000000008a000000|  0%| F|  |TAMS 0x0000000089f00000, 0x0000000089f00000| Untracked 
| 160|0x000000008a000000, 0x000000008a000000, 0x000000008a100000|  0%| F|  |TAMS 0x000000008a000000, 0x000000008a000000| Untracked 
| 161|0x000000008a100000, 0x000000008a100000, 0x000000008a200000|  0%| F|  |TAMS 0x000000008a100000, 0x000000008a100000| Untracked 
| 162|0x000000008a200000, 0x000000008a200000, 0x000000008a300000|  0%| F|  |TAMS 0x000000008a200000, 0x000000008a200000| Untracked 
| 163|0x000000008a300000, 0x000000008a300000, 0x000000008a400000|  0%| F|  |TAMS 0x000000008a300000, 0x000000008a300000| Untracked 
| 164|0x000000008a400000, 0x000000008a400000, 0x000000008a500000|  0%| F|  |TAMS 0x000000008a400000, 0x000000008a400000| Untracked 
| 165|0x000000008a500000, 0x000000008a5fdcc8, 0x000000008a600000| 99%| S|CS|TAMS 0x000000008a500000, 0x000000008a500000| Complete 
| 166|0x000000008a600000, 0x000000008a700000, 0x000000008a700000|100%| S|CS|TAMS 0x000000008a600000, 0x000000008a600000| Complete 
| 167|0x000000008a700000, 0x000000008a700000, 0x000000008a800000|  0%| F|  |TAMS 0x000000008a700000, 0x000000008a700000| Untracked 
| 168|0x000000008a800000, 0x000000008a800000, 0x000000008a900000|  0%| F|  |TAMS 0x000000008a800000, 0x000000008a800000| Untracked 
| 169|0x000000008a900000, 0x000000008a900000, 0x000000008aa00000|  0%| F|  |TAMS 0x000000008a900000, 0x000000008a900000| Untracked 
| 170|0x000000008aa00000, 0x000000008aa00000, 0x000000008ab00000|  0%| F|  |TAMS 0x000000008aa00000, 0x000000008aa00000| Untracked 
| 171|0x000000008ab00000, 0x000000008ab00000, 0x000000008ac00000|  0%| F|  |TAMS 0x000000008ab00000, 0x000000008ab00000| Untracked 
| 172|0x000000008ac00000, 0x000000008ac00000, 0x000000008ad00000|  0%| F|  |TAMS 0x000000008ac00000, 0x000000008ac00000| Untracked 
| 173|0x000000008ad00000, 0x000000008ad00000, 0x000000008ae00000|  0%| F|  |TAMS 0x000000008ad00000, 0x000000008ad00000| Untracked 
| 174|0x000000008ae00000, 0x000000008ae00000, 0x000000008af00000|  0%| F|  |TAMS 0x000000008ae00000, 0x000000008ae00000| Untracked 
| 175|0x000000008af00000, 0x000000008af00000, 0x000000008b000000|  0%| F|  |TAMS 0x000000008af00000, 0x000000008af00000| Untracked 
| 176|0x000000008b000000, 0x000000008b000000, 0x000000008b100000|  0%| F|  |TAMS 0x000000008b000000, 0x000000008b000000| Untracked 
| 177|0x000000008b100000, 0x000000008b100000, 0x000000008b200000|  0%| F|  |TAMS 0x000000008b100000, 0x000000008b100000| Untracked 
| 178|0x000000008b200000, 0x000000008b200000, 0x000000008b300000|  0%| F|  |TAMS 0x000000008b200000, 0x000000008b200000| Untracked 
| 179|0x000000008b300000, 0x000000008b300000, 0x000000008b400000|  0%| F|  |TAMS 0x000000008b300000, 0x000000008b300000| Untracked 
| 180|0x000000008b400000, 0x000000008b400000, 0x000000008b500000|  0%| F|  |TAMS 0x000000008b400000, 0x000000008b400000| Untracked 
| 181|0x000000008b500000, 0x000000008b500000, 0x000000008b600000|  0%| F|  |TAMS 0x000000008b500000, 0x000000008b500000| Untracked 
| 182|0x000000008b600000, 0x000000008b600000, 0x000000008b700000|  0%| F|  |TAMS 0x000000008b600000, 0x000000008b600000| Untracked 
| 183|0x000000008b700000, 0x000000008b700000, 0x000000008b800000|  0%| F|  |TAMS 0x000000008b700000, 0x000000008b700000| Untracked 
| 184|0x000000008b800000, 0x000000008b800000, 0x000000008b900000|  0%| F|  |TAMS 0x000000008b800000, 0x000000008b800000| Untracked 
| 185|0x000000008b900000, 0x000000008b900000, 0x000000008ba00000|  0%| F|  |TAMS 0x000000008b900000, 0x000000008b900000| Untracked 
| 186|0x000000008ba00000, 0x000000008ba00000, 0x000000008bb00000|  0%| F|  |TAMS 0x000000008ba00000, 0x000000008ba00000| Untracked 
| 187|0x000000008bb00000, 0x000000008bb00000, 0x000000008bc00000|  0%| F|  |TAMS 0x000000008bb00000, 0x000000008bb00000| Untracked 
| 188|0x000000008bc00000, 0x000000008bc00000, 0x000000008bd00000|  0%| F|  |TAMS 0x000000008bc00000, 0x000000008bc00000| Untracked 
| 189|0x000000008bd00000, 0x000000008bd00000, 0x000000008be00000|  0%| F|  |TAMS 0x000000008bd00000, 0x000000008bd00000| Untracked 
| 190|0x000000008be00000, 0x000000008be00000, 0x000000008bf00000|  0%| F|  |TAMS 0x000000008be00000, 0x000000008be00000| Untracked 
| 191|0x000000008bf00000, 0x000000008bffcf28, 0x000000008c000000| 98%| E|  |TAMS 0x000000008bf00000, 0x000000008bf00000| Complete 

Card table byte_map: [0x0000015eb2260000,0x0000015eb2660000] _byte_map_base: 0x0000015eb1e60000

Marking Bits (Prev, Next): (CMBitMap*) 0x0000015e9eb31aa0, (CMBitMap*) 0x0000015e9eb31a68
 Prev Bits: [0x0000015eb4a60000, 0x0000015eb6a60000)
 Next Bits: [0x0000015eb2a60000, 0x0000015eb4a60000)

Polling page: 0x0000015e9e2d0000

Metaspace:

Usage:
  Non-class:    111.54 MB capacity,   109.53 MB ( 98%) used,     1.62 MB (  1%) free+waste,   405.75 KB ( <1%) overhead. 
      Class:     16.90 MB capacity,    15.71 MB ( 93%) used,     1.02 MB (  6%) free+waste,   177.25 KB (  1%) overhead. 
       Both:    128.45 MB capacity,   125.24 MB ( 97%) used,     2.64 MB (  2%) free+waste,   583.00 KB ( <1%) overhead. 

Virtual space:
  Non-class space:      114.00 MB reserved,     113.29 MB (>99%) committed 
      Class space:        1.00 GB reserved,      18.13 MB (  2%) committed 
             Both:        1.11 GB reserved,     131.41 MB ( 12%) committed 

Chunk freelists:
   Non-Class:  1.55 MB
       Class:  1.13 MB
        Both:  2.68 MB

MaxMetaspaceSize: 17179869184.00 GB
CompressedClassSpaceSize: 1.00 GB

CodeHeap 'non-profiled nmethods': size=119168Kb used=10051Kb max_used=10051Kb free=109117Kb
 bounds [0x0000015eaa180000, 0x0000015eaab60000, 0x0000015eb15e0000]
CodeHeap 'profiled nmethods': size=119168Kb used=46177Kb max_used=46177Kb free=72990Kb
 bounds [0x0000015ea2d20000, 0x0000015ea5a40000, 0x0000015eaa180000]
CodeHeap 'non-nmethods': size=7424Kb used=2948Kb max_used=4126Kb free=4475Kb
 bounds [0x0000015ea25e0000, 0x0000015ea2af0000, 0x0000015ea2d20000]
 total_blobs=20466 nmethods=19450 adapters=924
 compilation: enabled
              stopped_count=0, restarted_count=0
 full_count=0

Compilation events (20 events):
Event: 34.902 Thread 0x0000015eba384800 19807       3       org.gradle.internal.watch.vfs.impl.WatchingVirtualFileSystem$3$$Lambda$1382/0x0000000100c71840::apply (24 bytes)
Event: 34.902 Thread 0x0000015ebb99f000 19808       3       org.gradle.internal.watch.vfs.impl.WatchingVirtualFileSystem$3::lambda$handleChange$1 (18 bytes)
Event: 34.902 Thread 0x0000015ebb99f000 nmethod 19808 0x0000015ea5a30890 code [0x0000015ea5a30aa0, 0x0000015ea5a30ff8]
Event: 34.902 Thread 0x0000015eba384800 nmethod 19807 0x0000015ea5a31210 code [0x0000015ea5a31420, 0x0000015ea5a31af8]
Event: 34.902 Thread 0x0000015ebb99f000 19809       3       org.gradle.internal.watch.vfs.impl.WatchingVirtualFileSystem$3$$Lambda$1383/0x0000000100c71c40::get$Lambda (12 bytes)
Event: 34.902 Thread 0x0000015eba384800 19810       3       org.gradle.internal.watch.vfs.impl.WatchingVirtualFileSystem$3$$Lambda$1383/0x0000000100c71c40::<init> (26 bytes)
Event: 34.902 Thread 0x0000015ebb99f000 nmethod 19809 0x0000015ea5a31d90 code [0x0000015ea5a31f60, 0x0000015ea5a322d8]
Event: 34.902 Thread 0x0000015ebb99f000 19811       3       org.gradle.internal.watch.vfs.impl.WatchingVirtualFileSystem$3$$Lambda$1383/0x0000000100c71c40::update (21 bytes)
Event: 34.902 Thread 0x0000015eba384800 nmethod 19810 0x0000015ea5a32410 code [0x0000015ea5a325e0, 0x0000015ea5a328b8]
Event: 34.902 Thread 0x0000015eba384800 19812       3       org.gradle.internal.watch.vfs.impl.WatchingVirtualFileSystem$3::lambda$handleChange$0 (19 bytes)
Event: 34.902 Thread 0x0000015ebb99f000 nmethod 19811 0x0000015ea5a32990 code [0x0000015ea5a32b80, 0x0000015ea5a32fe8]
Event: 34.902 Thread 0x0000015eba384800 nmethod 19812 0x0000015ea5a33190 code [0x0000015ea5a33360, 0x0000015ea5a33748]
Event: 34.902 Thread 0x0000015ebb99f000 19813       3       org.gradle.internal.watch.vfs.impl.WatchingVirtualFileSystem$VfsChangeLoggingNodeDiffListener::<init> (20 bytes)
Event: 34.903 Thread 0x0000015ebb99f000 nmethod 19813 0x0000015ea5a33890 code [0x0000015ea5a33a40, 0x0000015ea5a33cb8]
Event: 34.903 Thread 0x0000015eba384800 19814       3       java.util.concurrent.ThreadPoolExecutor::runStateLessThan (11 bytes)
Event: 34.903 Thread 0x0000015eba384800 nmethod 19814 0x0000015ea5a33d90 code [0x0000015ea5a33f40, 0x0000015ea5a34078]
Event: 34.903 Thread 0x0000015ebb99f000 19815   !   3       java.lang.ThreadGroup::remove (94 bytes)
Event: 34.903 Thread 0x0000015eba384800 19816       3       java.util.logging.Logger::updateEffectiveLevel (126 bytes)
Event: 34.903 Thread 0x0000015ebb99f000 nmethod 19815 0x0000015ea5a34110 code [0x0000015ea5a34300, 0x0000015ea5a349c8]
Event: 34.903 Thread 0x0000015eba384800 nmethod 19816 0x0000015ea5a34c90 code [0x0000015ea5a34ee0, 0x0000015ea5a359a8]

GC Heap History (20 events):
Event: 12.572 GC heap before
{Heap before GC invocations=24 (full 0):
 garbage-first heap   total 196608K, used 157936K [0x0000000080000000, 0x0000000100000000)
  region size 1024K, 59 young (60416K), 9 survivors (9216K)
 Metaspace       used 119195K, capacity 123208K, committed 123300K, reserved 1155072K
  class space    used 15586K, capacity 17213K, committed 17280K, reserved 1048576K
}
Event: 12.582 GC heap after
{Heap after GC invocations=25 (full 0):
 garbage-first heap   total 196608K, used 112905K [0x0000000080000000, 0x0000000100000000)
  region size 1024K, 6 young (6144K), 6 survivors (6144K)
 Metaspace       used 119195K, capacity 123208K, committed 123300K, reserved 1155072K
  class space    used 15586K, capacity 17213K, committed 17280K, reserved 1048576K
}
Event: 12.867 GC heap before
{Heap before GC invocations=26 (full 0):
 garbage-first heap   total 196608K, used 160009K [0x0000000080000000, 0x0000000100000000)
  region size 1024K, 52 young (53248K), 6 survivors (6144K)
 Metaspace       used 121661K, capacity 125818K, committed 125988K, reserved 1157120K
  class space    used 15981K, capacity 17660K, committed 17664K, reserved 1048576K
}
Event: 12.872 GC heap after
{Heap after GC invocations=27 (full 0):
 garbage-first heap   total 196608K, used 116123K [0x0000000080000000, 0x0000000100000000)
  region size 1024K, 7 young (7168K), 7 survivors (7168K)
 Metaspace       used 121661K, capacity 125818K, committed 125988K, reserved 1157120K
  class space    used 15981K, capacity 17660K, committed 17664K, reserved 1048576K
}
Event: 12.879 GC heap before
{Heap before GC invocations=27 (full 0):
 garbage-first heap   total 196608K, used 117147K [0x0000000080000000, 0x0000000100000000)
  region size 1024K, 9 young (9216K), 7 survivors (7168K)
 Metaspace       used 121674K, capacity 125819K, committed 125988K, reserved 1157120K
  class space    used 15981K, capacity 17660K, committed 17664K, reserved 1048576K
}
Event: 12.889 GC heap after
{Heap after GC invocations=28 (full 0):
 garbage-first heap   total 196608K, used 117050K [0x0000000080000000, 0x0000000100000000)
  region size 1024K, 1 young (1024K), 1 survivors (1024K)
 Metaspace       used 121674K, capacity 125819K, committed 125988K, reserved 1157120K
  class space    used 15981K, capacity 17660K, committed 17664K, reserved 1048576K
}
Event: 13.217 GC heap before
{Heap before GC invocations=29 (full 0):
 garbage-first heap   total 196608K, used 141626K [0x0000000080000000, 0x0000000100000000)
  region size 1024K, 27 young (27648K), 1 survivors (1024K)
 Metaspace       used 121304K, capacity 124403K, committed 127524K, reserved 1159168K
  class space    used 15505K, capacity 16663K, committed 17920K, reserved 1048576K
}
Event: 13.219 GC heap after
{Heap after GC invocations=30 (full 0):
 garbage-first heap   total 196608K, used 115492K [0x0000000080000000, 0x0000000100000000)
  region size 1024K, 2 young (2048K), 2 survivors (2048K)
 Metaspace       used 121304K, capacity 124403K, committed 127524K, reserved 1159168K
  class space    used 15505K, capacity 16663K, committed 17920K, reserved 1048576K
}
Event: 13.410 GC heap before
{Heap before GC invocations=30 (full 0):
 garbage-first heap   total 196608K, used 154404K [0x0000000080000000, 0x0000000100000000)
  region size 1024K, 9 young (9216K), 2 survivors (2048K)
 Metaspace       used 122219K, capacity 125279K, committed 128420K, reserved 1159168K
  class space    used 15615K, capacity 16804K, committed 18048K, reserved 1048576K
}
Event: 13.412 GC heap after
{Heap after GC invocations=31 (full 0):
 garbage-first heap   total 196608K, used 112692K [0x0000000080000000, 0x0000000100000000)
  region size 1024K, 1 young (1024K), 1 survivors (1024K)
 Metaspace       used 122219K, capacity 125279K, committed 128420K, reserved 1159168K
  class space    used 15615K, capacity 16804K, committed 18048K, reserved 1048576K
}
Event: 34.050 GC heap before
{Heap before GC invocations=31 (full 0):
 garbage-first heap   total 196608K, used 143412K [0x0000000080000000, 0x0000000100000000)
  region size 1024K, 32 young (32768K), 1 survivors (1024K)
 Metaspace       used 125137K, capacity 128294K, committed 131364K, reserved 1163264K
  class space    used 15834K, capacity 17026K, committed 18176K, reserved 1048576K
}
Event: 34.055 GC heap after
{Heap after GC invocations=32 (full 0):
 garbage-first heap   total 196608K, used 114351K [0x0000000080000000, 0x0000000100000000)
  region size 1024K, 3 young (3072K), 3 survivors (3072K)
 Metaspace       used 125137K, capacity 128294K, committed 131364K, reserved 1163264K
  class space    used 15834K, capacity 17026K, committed 18176K, reserved 1048576K
}
Event: 34.376 GC heap before
{Heap before GC invocations=33 (full 0):
 garbage-first heap   total 196608K, used 146095K [0x0000000080000000, 0x0000000100000000)
  region size 1024K, 36 young (36864K), 3 survivors (3072K)
 Metaspace       used 125559K, capacity 128703K, committed 131748K, reserved 1163264K
  class space    used 15817K, capacity 17015K, committed 18304K, reserved 1048576K
}
Event: 34.382 GC heap after
{Heap after GC invocations=34 (full 0):
 garbage-first heap   total 196608K, used 121036K [0x0000000080000000, 0x0000000100000000)
  region size 1024K, 5 young (5120K), 5 survivors (5120K)
 Metaspace       used 125559K, capacity 128703K, committed 131748K, reserved 1163264K
  class space    used 15817K, capacity 17015K, committed 18304K, reserved 1048576K
}
Event: 34.425 GC heap before
{Heap before GC invocations=34 (full 0):
 garbage-first heap   total 196608K, used 124108K [0x0000000080000000, 0x0000000100000000)
  region size 1024K, 9 young (9216K), 5 survivors (5120K)
 Metaspace       used 125990K, capacity 129125K, committed 132260K, reserved 1163264K
  class space    used 15866K, capacity 17049K, committed 18304K, reserved 1048576K
}
Event: 34.430 GC heap after
{Heap after GC invocations=35 (full 0):
 garbage-first heap   total 196608K, used 116655K [0x0000000080000000, 0x0000000100000000)
  region size 1024K, 2 young (2048K), 2 survivors (2048K)
 Metaspace       used 125990K, capacity 129125K, committed 132260K, reserved 1163264K
  class space    used 15866K, capacity 17049K, committed 18304K, reserved 1048576K
}
Event: 34.613 GC heap before
{Heap before GC invocations=35 (full 0):
 garbage-first heap   total 196608K, used 145327K [0x0000000080000000, 0x0000000100000000)
  region size 1024K, 32 young (32768K), 2 survivors (2048K)
 Metaspace       used 126504K, capacity 129643K, committed 132772K, reserved 1163264K
  class space    used 15912K, capacity 17116K, committed 18304K, reserved 1048576K
}
Event: 34.622 GC heap after
{Heap after GC invocations=36 (full 0):
 garbage-first heap   total 196608K, used 128767K [0x0000000080000000, 0x0000000100000000)
  region size 1024K, 5 young (5120K), 5 survivors (5120K)
 Metaspace       used 126504K, capacity 129643K, committed 132772K, reserved 1163264K
  class space    used 15912K, capacity 17116K, committed 18304K, reserved 1048576K
}
Event: 34.884 GC heap before
{Heap before GC invocations=37 (full 0):
 garbage-first heap   total 196608K, used 166655K [0x0000000080000000, 0x0000000100000000)
  region size 1024K, 30 young (30720K), 5 survivors (5120K)
 Metaspace       used 128198K, capacity 131499K, committed 134564K, reserved 1165312K
  class space    used 16079K, capacity 17305K, committed 18560K, reserved 1048576K
}
Event: 34.889 GC heap after
{Heap after GC invocations=38 (full 0):
 garbage-first heap   total 196608K, used 128807K [0x0000000080000000, 0x0000000100000000)
  region size 1024K, 2 young (2048K), 2 survivors (2048K)
 Metaspace       used 128198K, capacity 131499K, committed 134564K, reserved 1165312K
  class space    used 16079K, capacity 17305K, committed 18560K, reserved 1048576K
}

Deoptimization events (20 events):
Event: 34.881 Thread 0x0000015ebc906000 Uncommon trap: trap_request=0xffffffde fr.pc=0x0000015eaa1a5e64 relative=0x00000000000001c4
Event: 34.881 Thread 0x0000015ebc906000 Uncommon trap: reason=class_check action=maybe_recompile pc=0x0000015eaa1a5e64 method=java.lang.String.equals(Ljava/lang/Object;)Z @ 8 c2
Event: 34.881 Thread 0x0000015ebc906000 DEOPT PACKING pc=0x0000015eaa1a5e64 sp=0x0000000bbbbfbb10
Event: 34.881 Thread 0x0000015ebc906000 DEOPT UNPACKING pc=0x0000015ea26078af sp=0x0000000bbbbfbab8 mode 2
Event: 34.889 Thread 0x0000015eba4e3800 Uncommon trap: trap_request=0xffffffde fr.pc=0x0000015eaa2bc9ec relative=0x000000000000052c
Event: 34.889 Thread 0x0000015eba4e3800 Uncommon trap: reason=class_check action=maybe_recompile pc=0x0000015eaa2bc9ec method=jdk.internal.ref.PhantomCleanable.clean()V @ 12 c2
Event: 34.889 Thread 0x0000015eba4e3800 DEOPT PACKING pc=0x0000015eaa2bc9ec sp=0x0000000bbadfee90
Event: 34.889 Thread 0x0000015eba4e3800 DEOPT UNPACKING pc=0x0000015ea26078af sp=0x0000000bbadfee70 mode 2
Event: 34.891 Thread 0x0000015ebc906000 Uncommon trap: trap_request=0xffffffc6 fr.pc=0x0000015eaa97cc7c relative=0x0000000000000b5c
Event: 34.891 Thread 0x0000015ebc906000 Uncommon trap: reason=bimorphic_or_optimized_type_check action=maybe_recompile pc=0x0000015eaa97cc7c method=com.google.common.cache.LocalCache$Segment.get(Ljava/lang/Object;I)Ljava/lang/Object; @ 44 c2
Event: 34.891 Thread 0x0000015ebc906000 DEOPT PACKING pc=0x0000015eaa97cc7c sp=0x0000000bbbbfc500
Event: 34.891 Thread 0x0000015ebc906000 DEOPT UNPACKING pc=0x0000015ea26078af sp=0x0000000bbbbfc4c8 mode 2
Event: 34.892 Thread 0x0000015ebc906000 Uncommon trap: trap_request=0xffffffc6 fr.pc=0x0000015eaa97cc7c relative=0x0000000000000b5c
Event: 34.892 Thread 0x0000015ebc906000 Uncommon trap: reason=bimorphic_or_optimized_type_check action=maybe_recompile pc=0x0000015eaa97cc7c method=com.google.common.cache.LocalCache$Segment.get(Ljava/lang/Object;I)Ljava/lang/Object; @ 44 c2
Event: 34.892 Thread 0x0000015ebc906000 DEOPT PACKING pc=0x0000015eaa97cc7c sp=0x0000000bbbbfbf10
Event: 34.892 Thread 0x0000015ebc906000 DEOPT UNPACKING pc=0x0000015ea26078af sp=0x0000000bbbbfbed8 mode 2
Event: 34.896 Thread 0x0000015ebc906000 Uncommon trap: trap_request=0xffffffde fr.pc=0x0000015eaaa114b8 relative=0x0000000000000cb8
Event: 34.896 Thread 0x0000015ebc906000 Uncommon trap: reason=class_check action=maybe_recompile pc=0x0000015eaaa114b8 method=java.util.HashMap.removeNode(ILjava/lang/Object;Ljava/lang/Object;ZZ)Ljava/util/HashMap$Node; @ 143 c2
Event: 34.896 Thread 0x0000015ebc906000 DEOPT PACKING pc=0x0000015eaaa114b8 sp=0x0000000bbbbfad20
Event: 34.896 Thread 0x0000015ebc906000 DEOPT UNPACKING pc=0x0000015ea26078af sp=0x0000000bbbbfacb8 mode 2

Classes redefined (0 events):
No events

Internal exceptions (20 events):
Event: 13.302 Thread 0x0000015ec623b800 Implicit null exception at 0x0000015eaa31426b to 0x0000015eaa31428c
Event: 13.384 Thread 0x0000015ebb998800 Exception <a 'sun/nio/fs/WindowsException'{0x000000008bbc8218}> (0x000000008bbc8218) thrown at [./src/hotspot/share/prims/jni.cpp, line 615]
Event: 13.422 Thread 0x0000015ebc906000 Exception <a 'java/lang/NoSuchMethodError'{0x000000008bfb21d8}: 'java.lang.Object java.lang.invoke.DirectMethodHandle$Holder.invokeSpecial(java.lang.Object, java.lang.Object, java.lang.Object, java.lang.Object, int, java.lang.Object, java.lang.Object)'> (0x000000008bfb21d8) thrown at [./src/hotspot/share/interpreter/linkResolver.cpp, line 773]
Event: 21.346 Thread 0x0000015ebc822800 Implicit null exception at 0x0000015eaa1d21f4 to 0x0000015eaa1d2780
Event: 21.347 Thread 0x0000015ebc822800 Implicit null exception at 0x0000015eaa564d14 to 0x0000015eaa565364
Event: 33.940 Thread 0x0000015ebc906000 Implicit null exception at 0x0000015eaa8b0c76 to 0x0000015eaa8b0fa0
Event: 33.940 Thread 0x0000015ebc906000 Implicit null exception at 0x0000015eaa6e4602 to 0x0000015eaa6e5180
Event: 34.075 Thread 0x0000015ebc906000 Exception <a 'sun/nio/fs/WindowsException'{0x000000008bee79d0}> (0x000000008bee79d0) thrown at [./src/hotspot/share/prims/jni.cpp, line 615]
Event: 34.164 Thread 0x0000015ebc906000 Exception <a 'sun/nio/fs/WindowsException'{0x000000008b571de8}> (0x000000008b571de8) thrown at [./src/hotspot/share/prims/jni.cpp, line 615]
Event: 34.170 Thread 0x0000015ebc906000 Exception <a 'sun/nio/fs/WindowsException'{0x000000008b40ea90}> (0x000000008b40ea90) thrown at [./src/hotspot/share/prims/jni.cpp, line 615]
Event: 34.170 Thread 0x0000015ebc906000 Exception <a 'sun/nio/fs/WindowsException'{0x000000008b40fb60}> (0x000000008b40fb60) thrown at [./src/hotspot/share/prims/jni.cpp, line 615]
Event: 34.170 Thread 0x0000015ebc906000 Exception <a 'sun/nio/fs/WindowsException'{0x000000008b410c80}> (0x000000008b410c80) thrown at [./src/hotspot/share/prims/jni.cpp, line 615]
Event: 34.170 Thread 0x0000015ebc906000 Exception <a 'sun/nio/fs/WindowsException'{0x000000008b411da0}> (0x000000008b411da0) thrown at [./src/hotspot/share/prims/jni.cpp, line 615]
Event: 34.216 Thread 0x0000015ebc906000 Exception <a 'sun/nio/fs/WindowsException'{0x000000008af4d928}> (0x000000008af4d928) thrown at [./src/hotspot/share/prims/jni.cpp, line 615]
Event: 34.395 Thread 0x0000015ec0258000 Implicit null exception at 0x0000015eaa4a0704 to 0x0000015eaa4a08fc
Event: 34.839 Thread 0x0000015ec025a000 Exception <a 'java/io/IOException'{0x000000008add59a0}> (0x000000008add59a0) thrown at [./src/hotspot/share/prims/jni.cpp, line 615]
Event: 34.847 Thread 0x0000015ebb99b000 Exception <a 'java/lang/NoSuchMethodError'{0x000000008a9f9678}: <clinit>> (0x000000008a9f9678) thrown at [./src/hotspot/share/prims/jni.cpp, line 1362]
Event: 34.848 Thread 0x0000015ebb99b000 Exception <a 'java/lang/NoSuchMethodError'{0x000000008a8114b8}: <clinit>> (0x000000008a8114b8) thrown at [./src/hotspot/share/prims/jni.cpp, line 1362]
Event: 34.850 Thread 0x0000015ebc906000 Implicit null exception at 0x0000015eaaad99f4 to 0x0000015eaaad9e70
Event: 34.859 Thread 0x0000015ec6232800 Exception <a 'sun/nio/fs/WindowsException'{0x000000008a8424b0}> (0x000000008a8424b0) thrown at [./src/hotspot/share/prims/jni.cpp, line 615]

Events (20 events):
Event: 34.902 Thread 0x0000015ebb99b800 Thread exited: 0x0000015ebb99b800
Event: 34.902 Thread 0x0000015ebb997800 Thread exited: 0x0000015ebb997800
Event: 34.902 Thread 0x0000015ec6234000 Thread exited: 0x0000015ec6234000
Event: 34.902 Thread 0x0000015ec025a000 Thread exited: 0x0000015ec025a000
Event: 34.903 Thread 0x0000015eba83b000 Thread exited: 0x0000015eba83b000
Event: 34.903 Thread 0x0000015eba835000 Thread exited: 0x0000015eba835000
Event: 34.903 Thread 0x0000015eba83b800 Thread exited: 0x0000015eba83b800
Event: 34.903 Thread 0x0000015eba839800 Thread exited: 0x0000015eba839800
Event: 34.903 Thread 0x0000015eba838800 Thread exited: 0x0000015eba838800
Event: 34.903 Thread 0x0000015ebb9a0800 Thread exited: 0x0000015ebb9a0800
Event: 34.903 Thread 0x0000015eba836000 Thread exited: 0x0000015eba836000
Event: 34.903 Thread 0x0000015eba83c800 Thread exited: 0x0000015eba83c800
Event: 34.903 Thread 0x0000015eba83a000 Thread exited: 0x0000015eba83a000
Event: 34.903 Thread 0x0000015eba832800 Thread exited: 0x0000015eba832800
Event: 34.903 Thread 0x0000015eba834800 Thread exited: 0x0000015eba834800
Event: 34.903 Thread 0x0000015eba833800 Thread exited: 0x0000015eba833800
Event: 34.903 Thread 0x0000015eba830800 Thread exited: 0x0000015eba830800
Event: 34.903 Thread 0x0000015ebb9a0000 Thread exited: 0x0000015ebb9a0000
Event: 34.903 Thread 0x0000015eba832000 Thread exited: 0x0000015eba832000
Event: 34.903 Thread 0x0000015eba831000 Thread exited: 0x0000015eba831000


Dynamic libraries:
0x00007ff63f720000 - 0x00007ff63f72a000 	C:\Program Files\Android\Android Studio\jre\bin\java.exe
0x00007ff9f8520000 - 0x00007ff9f8727000 	C:\WINDOWS\SYSTEM32\ntdll.dll
0x00007ff9f7b10000 - 0x00007ff9f7bcd000 	C:\WINDOWS\System32\KERNEL32.DLL
0x00007ff9f5cf0000 - 0x00007ff9f6064000 	C:\WINDOWS\System32\KERNELBASE.dll
0x00007ff9f6260000 - 0x00007ff9f6371000 	C:\WINDOWS\System32\ucrtbase.dll
0x00007ff9bdef0000 - 0x00007ff9bdf07000 	C:\Program Files\Android\Android Studio\jre\bin\VCRUNTIME140.dll
0x00007ff9bf390000 - 0x00007ff9bf3a9000 	C:\Program Files\Android\Android Studio\jre\bin\jli.dll
0x00007ff9f6410000 - 0x00007ff9f65bc000 	C:\WINDOWS\System32\USER32.dll
0x00007ff9e15f0000 - 0x00007ff9e1895000 	C:\WINDOWS\WinSxS\amd64_microsoft.windows.common-controls_6595b64144ccf1df_6.0.22000.120_none_9d947278b86cc467\COMCTL32.dll
0x00007ff9f6380000 - 0x00007ff9f63a6000 	C:\WINDOWS\System32\win32u.dll
0x00007ff9f6600000 - 0x00007ff9f66a3000 	C:\WINDOWS\System32\msvcrt.dll
0x00007ff9f7bd0000 - 0x00007ff9f7bf9000 	C:\WINDOWS\System32\GDI32.dll
0x00007ff9f5aa0000 - 0x00007ff9f5bb2000 	C:\WINDOWS\System32\gdi32full.dll
0x00007ff9f5a00000 - 0x00007ff9f5a9d000 	C:\WINDOWS\System32\msvcp_win.dll
0x00007ff9f65c0000 - 0x00007ff9f65f1000 	C:\WINDOWS\System32\IMM32.DLL
0x00007ff987520000 - 0x00007ff9875bd000 	C:\Program Files\Android\Android Studio\jre\bin\msvcp140.dll
0x00007ff976400000 - 0x00007ff976ecf000 	C:\Program Files\Android\Android Studio\jre\bin\server\jvm.dll
0x00007ff9f6870000 - 0x00007ff9f691c000 	C:\WINDOWS\System32\ADVAPI32.dll
0x00007ff9f81f0000 - 0x00007ff9f828d000 	C:\WINDOWS\System32\sechost.dll
0x00007ff9f7420000 - 0x00007ff9f7541000 	C:\WINDOWS\System32\RPCRT4.dll
0x00007ff9f83e0000 - 0x00007ff9f83e8000 	C:\WINDOWS\System32\PSAPI.DLL
0x00007ff9de000000 - 0x00007ff9de009000 	C:\WINDOWS\SYSTEM32\WSOCK32.dll
0x00007ff9f09b0000 - 0x00007ff9f09e3000 	C:\WINDOWS\SYSTEM32\WINMM.dll
0x00007ff9efd40000 - 0x00007ff9efd4a000 	C:\WINDOWS\SYSTEM32\VERSION.dll
0x00007ff9f8370000 - 0x00007ff9f83df000 	C:\WINDOWS\System32\WS2_32.dll
0x00007ff9f4c10000 - 0x00007ff9f4c28000 	C:\WINDOWS\SYSTEM32\kernel.appcore.dll
0x00007ff9e7d30000 - 0x00007ff9e7d41000 	C:\Program Files\Android\Android Studio\jre\bin\verify.dll
0x00007ff9e9af0000 - 0x00007ff9e9d11000 	C:\WINDOWS\SYSTEM32\DBGHELP.DLL
0x00007ff9db6b0000 - 0x00007ff9db6e1000 	C:\WINDOWS\SYSTEM32\dbgcore.DLL
0x00007ff9f61e0000 - 0x00007ff9f6260000 	C:\WINDOWS\System32\bcryptPrimitives.dll
0x00007ff9db2f0000 - 0x00007ff9db319000 	C:\Program Files\Android\Android Studio\jre\bin\java.dll
0x00007ff9e5d80000 - 0x00007ff9e5d8b000 	C:\Program Files\Android\Android Studio\jre\bin\jimage.dll
0x00007ff9cd4a0000 - 0x00007ff9cd4b8000 	C:\Program Files\Android\Android Studio\jre\bin\zip.dll
0x00007ff9f6980000 - 0x00007ff9f712a000 	C:\WINDOWS\System32\SHELL32.dll
0x00007ff9f3bb0000 - 0x00007ff9f4412000 	C:\WINDOWS\SYSTEM32\windows.storage.dll
0x00007ff9f7660000 - 0x00007ff9f79d8000 	C:\WINDOWS\System32\combase.dll
0x00007ff9f3a40000 - 0x00007ff9f3ba6000 	C:\WINDOWS\SYSTEM32\wintypes.dll
0x00007ff9f7550000 - 0x00007ff9f763a000 	C:\WINDOWS\System32\SHCORE.dll
0x00007ff9f8410000 - 0x00007ff9f846d000 	C:\WINDOWS\System32\shlwapi.dll
0x00007ff9f5930000 - 0x00007ff9f5951000 	C:\WINDOWS\SYSTEM32\profapi.dll
0x00007ff9cd0c0000 - 0x00007ff9cd0da000 	C:\Program Files\Android\Android Studio\jre\bin\net.dll
0x00007ff9f0310000 - 0x00007ff9f041c000 	C:\WINDOWS\SYSTEM32\WINHTTP.dll
0x00007ff9f5020000 - 0x00007ff9f5087000 	C:\WINDOWS\system32\mswsock.dll
0x00007ff9c9e30000 - 0x00007ff9c9e44000 	C:\Program Files\Android\Android Studio\jre\bin\nio.dll
0x00007ff9be0b0000 - 0x00007ff9be0d7000 	C:\Users\Billy\.gradle\native\8bec1ad78214c89d9ad589b4d07fe93259594b29d510b10fafb7a158f7737e5d\windows-amd64\native-platform.dll
0x00007ff9882e0000 - 0x00007ff98841d000 	C:\Users\Billy\.gradle\native\53dbd7edfb1c66fb8903c78663c9afc45aea4f116125fa6feffd364cf09443e8\windows-amd64\native-platform-file-events.dll
0x00007ff9e5120000 - 0x00007ff9e512a000 	C:\Program Files\Android\Android Studio\jre\bin\management.dll
0x00007ff9e4d00000 - 0x00007ff9e4d0c000 	C:\Program Files\Android\Android Studio\jre\bin\management_ext.dll
0x00007ff9f5260000 - 0x00007ff9f5278000 	C:\WINDOWS\SYSTEM32\CRYPTSP.dll
0x00007ff9f4b70000 - 0x00007ff9f4ba5000 	C:\WINDOWS\system32\rsaenh.dll
0x00007ff9f5110000 - 0x00007ff9f5139000 	C:\WINDOWS\SYSTEM32\USERENV.dll
0x00007ff9f53e0000 - 0x00007ff9f5407000 	C:\WINDOWS\SYSTEM32\bcrypt.dll
0x00007ff9f5280000 - 0x00007ff9f528c000 	C:\WINDOWS\SYSTEM32\CRYPTBASE.dll
0x00007ff9f4750000 - 0x00007ff9f477d000 	C:\WINDOWS\SYSTEM32\IPHLPAPI.DLL
0x00007ff9f7130000 - 0x00007ff9f7139000 	C:\WINDOWS\System32\NSI.dll
0x00007ff9effc0000 - 0x00007ff9effd9000 	C:\WINDOWS\SYSTEM32\dhcpcsvc6.DLL
0x00007ff9f0aa0000 - 0x00007ff9f0abe000 	C:\WINDOWS\SYSTEM32\dhcpcsvc.DLL
0x00007ff9f47c0000 - 0x00007ff9f48a7000 	C:\WINDOWS\SYSTEM32\DNSAPI.dll
0x00007ff9f2f60000 - 0x00007ff9f2f68000 	C:\Program Files\Android\Android Studio\jre\bin\rmi.dll
0x00007ff9c82b0000 - 0x00007ff9c82c7000 	C:\WINDOWS\system32\napinsp.dll
0x00007ff9c8290000 - 0x00007ff9c82ab000 	C:\WINDOWS\system32\pnrpnsp.dll
0x00007ff9c8270000 - 0x00007ff9c8282000 	C:\WINDOWS\System32\winrnr.dll
0x00007ff9cd280000 - 0x00007ff9cd295000 	C:\WINDOWS\system32\wshbth.dll
0x00007ff9c8250000 - 0x00007ff9c826f000 	C:\WINDOWS\system32\nlansp_c.dll
0x00007ff9edb80000 - 0x00007ff9edb8a000 	C:\Windows\System32\rasadhlp.dll
0x00007ff9ef1f0000 - 0x00007ff9ef271000 	C:\WINDOWS\System32\fwpuclnt.dll
0x00007ff9d68a0000 - 0x00007ff9d68c7000 	C:\Program Files\Android\Android Studio\jre\bin\sunec.dll

dbghelp: loaded successfully - version: 4.0.5 - missing functions: none
symbol engine: initialized successfully - sym options: 0x614 - pdb path: .;C:\Program Files\Android\Android Studio\jre\bin;C:\WINDOWS\SYSTEM32;C:\WINDOWS\WinSxS\amd64_microsoft.windows.common-controls_6595b64144ccf1df_6.0.22000.120_none_9d947278b86cc467;C:\Program Files\Android\Android Studio\jre\bin\server;C:\Users\Billy\.gradle\native\8bec1ad78214c89d9ad589b4d07fe93259594b29d510b10fafb7a158f7737e5d\windows-amd64;C:\Users\Billy\.gradle\native\53dbd7edfb1c66fb8903c78663c9afc45aea4f116125fa6feffd364cf09443e8\windows-amd64

VM Arguments:
jvm_args: --add-opens=java.base/java.util=ALL-UNNAMED --add-opens=java.base/java.lang=ALL-UNNAMED --add-opens=java.base/java.lang.invoke=ALL-UNNAMED --add-opens=java.base/java.util=ALL-UNNAMED --add-opens=java.prefs/java.util.prefs=ALL-UNNAMED --add-opens=java.prefs/java.util.prefs=ALL-UNNAMED --add-opens=java.base/java.nio.charset=ALL-UNNAMED --add-opens=java.base/java.net=ALL-UNNAMED --add-opens=java.base/java.util.concurrent.atomic=ALL-UNNAMED -Xmx2048m -Dfile.encoding=UTF-8 -Duser.country=CL -Duser.language=es -Duser.variant 
java_command: org.gradle.launcher.daemon.bootstrap.GradleDaemon 7.0.2
java_class_path (initial): C:\Users\Billy\.gradle\wrapper\dists\gradle-7.0.2-bin\857tjihv64xamwrf0h14cai3r\gradle-7.0.2\lib\gradle-launcher-7.0.2.jar
Launcher Type: SUN_STANDARD

[Global flags]
     intx CICompilerCount                          = 12                                        {product} {ergonomic}
     uint ConcGCThreads                            = 3                                         {product} {ergonomic}
     uint G1ConcRefinementThreads                  = 13                                        {product} {ergonomic}
   size_t G1HeapRegionSize                         = 1048576                                   {product} {ergonomic}
    uintx GCDrainStackTargetSize                   = 64                                        {product} {ergonomic}
   size_t InitialHeapSize                          = 201326592                                 {product} {ergonomic}
   size_t MarkStackSize                            = 4194304                                   {product} {ergonomic}
   size_t MaxHeapSize                              = 2147483648                                {product} {command line}
   size_t MaxNewSize                               = 1287651328                                {product} {ergonomic}
   size_t MinHeapDeltaBytes                        = 1048576                                   {product} {ergonomic}
    uintx NonNMethodCodeHeapSize                   = 7594288                                {pd product} {ergonomic}
    uintx NonProfiledCodeHeapSize                  = 122031976                              {pd product} {ergonomic}
    uintx ProfiledCodeHeapSize                     = 122031976                              {pd product} {ergonomic}
    uintx ReservedCodeCacheSize                    = 251658240                              {pd product} {ergonomic}
     bool SegmentedCodeCache                       = true                                      {product} {ergonomic}
     bool UseCompressedClassPointers               = true                                 {lp64_product} {ergonomic}
     bool UseCompressedOops                        = true                                 {lp64_product} {ergonomic}
     bool UseG1GC                                  = true                                      {product} {ergonomic}
     bool UseLargePagesIndividualAllocation        = false                                  {pd product} {ergonomic}

Logging:
Log output configuration:
 #0: stdout all=warning uptime,level,tags
 #1: stderr all=off uptime,level,tags

Environment Variables:
PATH=C:\WINDOWS\system32;C:\WINDOWS;C:\WINDOWS\System32\Wbem;C:\WINDOWS\System32\WindowsPowerShell\v1.0\;C:\WINDOWS\System32\OpenSSH\;C:\Program Files\Git\cmd;C:\Program Files\NVIDIA Corporation\NVIDIA NvDLISR;C:\Program Files (x86)\NVIDIA Corporation\PhysX\Common;C:\Users\Billy\AppData\Local\Programs\Python\Python39\Scripts\;C:\Users\Billy\AppData\Local\Programs\Python\Python39\;C:\Users\Billy\AppData\Local\Programs\Python\Python310\Scripts\;C:\Users\Billy\AppData\Local\Programs\Python\Python310\;C:\Users\Billy\AppData\Local\Microsoft\WindowsApps;;C:\Program Files\JetBrains\IntelliJ IDEA 2021.2.3\bin;;C:\Users\Billy\AppData\Local\Programs\Microsoft VS Code\bin;C:\Program Files\JetBrains\PyCharm 2021.2.3\bin;
USERNAME=Billy
OS=Windows_NT
PROCESSOR_IDENTIFIER=AMD64 Family 23 Model 113 Stepping 0, AuthenticAMD



---------------  S Y S T E M  ---------------

OS: Windows 10 , 64 bit Build 22000 (10.0.22000.318)
OS uptime: 0 days 14:48 hours

CPU:total 16 (initial active 16) (16 cores per cpu, 2 threads per core) family 23 model 113 stepping 0 microcode 0x0, cmov, cx8, fxsr, mmx, sse, sse2, sse3, ssse3, sse4.1, sse4.2, popcnt, avx, avx2, aes, clmul, mmxext, 3dnowpref, lzcnt, sse4a, ht, tsc, tscinvbit, tscinv, bmi1, bmi2, adx,

Memory: 4k page, system-wide physical 12196M (263M free)
TotalPageFile size 40720M (AvailPageFile size 10M)
current process WorkingSet (physical memory assigned to process): 558M, peak: 563M
current process commit charge ("private bytes"): 605M, peak: 610M

vm_info: OpenJDK 64-Bit Server VM (11.0.10+0-b96-7249189) for windows-amd64 JRE (11.0.10+0-b96-7249189), built on Mar 31 2021 21:44:00 by "builder" with MS VC++ 14.0 (VS2015)

END.
